time="2025-02-17T00:29:38+03:00" level=info msg="create router" func="main.main()" file="main.go:15"
time="2025-02-17T00:29:38+03:00" level=info msg="register user handler" func="main.main()" file="main.go:18"
time="2025-02-17T00:29:38+03:00" level=info msg="start server" func="main.Start()" file="main.go:29"
time="2025-02-17T00:29:38+03:00" level=info msg="server is listening port 0.0.0.0:1234" func="main.Start()" file="main.go:42"
time="2025-02-17T01:49:27+03:00" level=info msg="create router" func="main.main()" file="main.go:20"
time="2025-02-17T01:49:27+03:00" level=info msg="read app config" func="server/internal/config.GetConfig.func1()" file="config.go:25"
time="2025-02-17T01:49:27+03:00" level=info msg="register user handler" func="main.main()" file="main.go:25"
time="2025-02-17T01:49:27+03:00" level=info msg="start server" func="main.start()" file="main.go:35"
time="2025-02-17T01:49:27+03:00" level=info msg="listen tcp" func="main.start()" file="main.go:53"
time="2025-02-17T01:49:27+03:00" level=info msg="server is listening port 0.0.0.0:10000" func="main.start()" file="main.go:69"
time="2025-02-17T01:56:34+03:00" level=info msg="create router" func="main.main()" file="main.go:20"
time="2025-02-17T01:56:34+03:00" level=info msg="read app config" func="server/internal/config.GetConfig.func1()" file="config.go:25"
time="2025-02-17T01:56:34+03:00" level=info msg="register user handler" func="main.main()" file="main.go:25"
time="2025-02-17T01:56:34+03:00" level=info msg="start server" func="main.start()" file="main.go:35"
time="2025-02-17T01:56:34+03:00" level=info msg="detect app path" func="main.start()" file="main.go:41"
time="2025-02-17T01:56:34+03:00" level=info msg="create socket" func="main.start()" file="main.go:46"
time="2025-02-17T01:56:34+03:00" level=info msg="listen unix socket" func="main.start()" file="main.go:49"
time="2025-02-17T01:56:34+03:00" level=info msg="server is listening unix socket: /var/folders/64/psysrvs131gclvgr_hjg7ts00000gn/T/go-build272604460/b001/exe/app.sock" func="main.start()" file="main.go:51"
time="2025-02-17T01:59:40+03:00" level=info msg="create router" func="main.main()" file="main.go:20"
time="2025-02-17T01:59:40+03:00" level=info msg="read app config" func="server/internal/config.GetConfig.func1()" file="config.go:25"
time="2025-02-17T01:59:40+03:00" level=info msg="register user handler" func="main.main()" file="main.go:25"
time="2025-02-17T01:59:40+03:00" level=info msg="start server" func="main.start()" file="main.go:35"
time="2025-02-17T01:59:40+03:00" level=info msg="detect app path" func="main.start()" file="main.go:41"
time="2025-02-17T01:59:40+03:00" level=info msg="create socket" func="main.start()" file="main.go:46"
time="2025-02-17T01:59:40+03:00" level=info msg="listen unix socket" func="main.start()" file="main.go:49"
time="2025-02-17T01:59:40+03:00" level=info msg="server is listening unix socket: /Users/vladnz/Library/Caches/go-build/b3/b38833e0b17c14108a216adfa9d197f9a74012e73b3118b5681e9bd2e93aca51-d/app.sock" func="main.start()" file="main.go:51"
time="2025-02-17T01:59:40+03:00" level=fatal msg="listen unix /Users/vladnz/Library/Caches/go-build/b3/b38833e0b17c14108a216adfa9d197f9a74012e73b3118b5681e9bd2e93aca51-d/app.sock: bind: invalid argument" func="main.start()" file="main.go:60"
